<?xml version="1.0" encoding="UTF-8"?>
<!-- Generated by org.testng.reporters.JUnitReportReporter -->
<testsuite hostname="HLWHKYM733" failures="0" tests="1" name="com.OldMutualFinance.QA.TestCase_Scripts.TC002_testPersonalLoansPage" time="26.405" errors="0" timestamp="2021-07-19T09:12:08 SAST" skipped="0">
  <testcase classname="com.OldMutualFinance.QA.TestCase_Scripts.TC002_testPersonalLoansPage" name="Navigate_To_Personal_Loans_Page" time="26.405"/>
  <system-out/>
</testsuite> <!-- com.OldMutualFinance.QA.TestCase_Scripts.TC002_testPersonalLoansPage -->
