<?xml version="1.0" encoding="UTF-8"?>
<!-- Generated by org.testng.reporters.JUnitReportReporter -->
<testsuite hostname="HLWHKYM733" failures="0" tests="1" name="com.config.StartBrowser" time="12.159" errors="0" timestamp="2021-07-18T16:55:17 SAST" skipped="0">
  <testcase classname="com.config.StartBrowser" name="app" time="12.159"/>
  <system-out/>
</testsuite> <!-- com.config.StartBrowser -->
