<?xml version="1.0" encoding="UTF-8"?>
<!-- Generated by org.testng.reporters.JUnitReportReporter -->
<testsuite hostname="HLWHKYM733" failures="0" tests="1" name="com.OldMutualFinance.QA.TestCase_Scripts.TC003_testCalculatePersonalLoan" time="46.220" errors="0" timestamp="2021-07-19T09:12:08 SAST" skipped="0">
  <testcase classname="com.OldMutualFinance.QA.TestCase_Scripts.TC003_testCalculatePersonalLoan" name="Navigate_to_Personal_Loan_Calculator" time="46.220"/>
  <system-out/>
</testsuite> <!-- com.OldMutualFinance.QA.TestCase_Scripts.TC003_testCalculatePersonalLoan -->
