<?xml version="1.0" encoding="UTF-8"?>
<!-- Generated by org.testng.reporters.JUnitReportReporter -->
<testsuite hostname="HLWHKYM733" failures="0" tests="1" name="com.OldMutualFinance.QA.TestCase_Scripts.TC003_testCalculatePersonalLoan" time="49.594" errors="0" timestamp="2021-07-19T12:47:23 SAST" skipped="0">
  <testcase classname="com.OldMutualFinance.QA.TestCase_Scripts.TC003_testCalculatePersonalLoan" name="Calculate_Personal_Loan" time="49.594"/>
  <system-out/>
</testsuite> <!-- com.OldMutualFinance.QA.TestCase_Scripts.TC003_testCalculatePersonalLoan -->
