<?xml version="1.0" encoding="UTF-8"?>
<!-- Generated by org.testng.reporters.JUnitReportReporter -->
<testsuite hostname="HLWHKYM733" failures="0" tests="1" name="com.OldMutualFinance.QA.TestCase_Scripts.TC002_testPersonalLoansPage" time="36.035" errors="0" timestamp="2021-07-20T20:03:50 SAST" skipped="0">
  <testcase classname="com.OldMutualFinance.QA.TestCase_Scripts.TC002_testPersonalLoansPage" name="Navigate_To_Personal_Loans_Page" time="36.035"/>
  <system-out/>
</testsuite> <!-- com.OldMutualFinance.QA.TestCase_Scripts.TC002_testPersonalLoansPage -->
