<?xml version="1.0" encoding="UTF-8"?>
<!-- Generated by org.testng.reporters.JUnitReportReporter -->
<testsuite hostname="HLWHKYM733" failures="0" tests="1" name="com.OldMutualFinance.QA.TestCase_Scripts.TC001_testHomePage" time="14.916" errors="0" timestamp="2021-07-19T12:47:23 SAST" skipped="0">
  <testcase classname="com.OldMutualFinance.QA.TestCase_Scripts.TC001_testHomePage" name="Browse_To_Old_Mutual_Finance_Home_Screen" time="14.916"/>
  <system-out/>
</testsuite> <!-- com.OldMutualFinance.QA.TestCase_Scripts.TC001_testHomePage -->
